{"/home/australopithecus/Músicas/substrato/frontend-next/lib/api/api-client.ts": {"path":"/home/australopithecus/Músicas/substrato/frontend-next/lib/api/api-client.ts","statementMap":{"0":{"start":{"line":72,"column":54},"end":{"line":72,"column":56}},"1":{"start":{"line":73,"column":56},"end":{"line":73,"column":58}},"2":{"start":{"line":74,"column":50},"end":{"line":74,"column":52}},"3":{"start":{"line":77,"column":4},"end":{"line":82,"column":null}},"4":{"start":{"line":89,"column":4},"end":{"line":89,"column":null}},"5":{"start":{"line":96,"column":4},"end":{"line":96,"column":null}},"6":{"start":{"line":103,"column":4},"end":{"line":103,"column":null}},"7":{"start":{"line":118,"column":4},"end":{"line":118,"column":null}},"8":{"start":{"line":134,"column":4},"end":{"line":134,"column":null}},"9":{"start":{"line":150,"column":4},"end":{"line":150,"column":null}},"10":{"start":{"line":164,"column":4},"end":{"line":164,"column":null}},"11":{"start":{"line":181,"column":25},"end":{"line":181,"column":null}},"12":{"start":{"line":183,"column":4},"end":{"line":241,"column":null}},"13":{"start":{"line":185,"column":24},"end":{"line":185,"column":59}},"14":{"start":{"line":186,"column":24},"end":{"line":190,"column":null}},"15":{"start":{"line":192,"column":36},"end":{"line":198,"column":null}},"16":{"start":{"line":201,"column":8},"end":{"line":202,"column":null}},"17":{"start":{"line":202,"column":10},"end":{"line":202,"column":null}},"18":{"start":{"line":205,"column":8},"end":{"line":237,"column":null}},"19":{"start":{"line":207,"column":25},"end":{"line":207,"column":58}},"20":{"start":{"line":210,"column":10},"end":{"line":211,"column":null}},"21":{"start":{"line":211,"column":12},"end":{"line":211,"column":null}},"22":{"start":{"line":215,"column":10},"end":{"line":217,"column":null}},"23":{"start":{"line":216,"column":26},"end":{"line":216,"column":60}},"24":{"start":{"line":217,"column":12},"end":{"line":217,"column":null}},"25":{"start":{"line":221,"column":31},"end":{"line":221,"column":90}},"26":{"start":{"line":224,"column":28},"end":{"line":224,"column":65}},"27":{"start":{"line":226,"column":10},"end":{"line":230,"column":null}},"28":{"start":{"line":233,"column":31},"end":{"line":233,"column":88}},"29":{"start":{"line":234,"column":10},"end":{"line":235,"column":null}},"30":{"start":{"line":235,"column":12},"end":{"line":235,"column":null}},"31":{"start":{"line":237,"column":10},"end":{"line":237,"column":null}},"32":{"start":{"line":248,"column":16},"end":{"line":248,"column":50}},"33":{"start":{"line":250,"column":4},"end":{"line":255,"column":null}},"34":{"start":{"line":251,"column":6},"end":{"line":255,"column":null}},"35":{"start":{"line":252,"column":8},"end":{"line":253,"column":null}},"36":{"start":{"line":253,"column":10},"end":{"line":253,"column":null}},"37":{"start":{"line":258,"column":4},"end":{"line":258,"column":null}},"38":{"start":{"line":265,"column":23},"end":{"line":265,"column":44}},"39":{"start":{"line":266,"column":22},"end":{"line":266,"column":74}},"40":{"start":{"line":266,"column":39},"end":{"line":266,"column":57}},"41":{"start":{"line":268,"column":38},"end":{"line":272,"column":null}},"42":{"start":{"line":274,"column":4},"end":{"line":275,"column":null}},"43":{"start":{"line":275,"column":6},"end":{"line":275,"column":null}},"44":{"start":{"line":278,"column":4},"end":{"line":279,"column":null}},"45":{"start":{"line":279,"column":21},"end":{"line":279,"column":44}},"46":{"start":{"line":287,"column":17},"end":{"line":287,"column":38}},"47":{"start":{"line":290,"column":2},"end":{"line":293,"column":null}},"48":{"start":{"line":291,"column":4},"end":{"line":291,"column":null}},"49":{"start":{"line":292,"column":4},"end":{"line":292,"column":null}},"50":{"start":{"line":296,"column":2},"end":{"line":299,"column":null}},"51":{"start":{"line":297,"column":4},"end":{"line":297,"column":null}},"52":{"start":{"line":298,"column":4},"end":{"line":298,"column":null}},"53":{"start":{"line":301,"column":2},"end":{"line":301,"column":null}}},"fnMap":{"0":{"name":"(anonymous_0)","decl":{"start":{"line":76,"column":2},"end":{"line":76,"column":14}},"loc":{"start":{"line":76,"column":39},"end":{"line":82,"column":null}},"line":76},"1":{"name":"(anonymous_1)","decl":{"start":{"line":88,"column":2},"end":{"line":88,"column":24}},"loc":{"start":{"line":88,"column":63},"end":{"line":89,"column":null}},"line":88},"2":{"name":"(anonymous_2)","decl":{"start":{"line":95,"column":2},"end":{"line":95,"column":25}},"loc":{"start":{"line":95,"column":65},"end":{"line":96,"column":null}},"line":95},"3":{"name":"(anonymous_3)","decl":{"start":{"line":102,"column":2},"end":{"line":102,"column":22}},"loc":{"start":{"line":102,"column":59},"end":{"line":103,"column":null}},"line":102},"4":{"name":"(anonymous_4)","decl":{"start":{"line":109,"column":8},"end":{"line":109,"column":null}},"loc":{"start":{"line":117,"column":29},"end":{"line":118,"column":null}},"line":117},"5":{"name":"(anonymous_5)","decl":{"start":{"line":124,"column":8},"end":{"line":124,"column":null}},"loc":{"start":{"line":133,"column":29},"end":{"line":134,"column":null}},"line":133},"6":{"name":"(anonymous_6)","decl":{"start":{"line":140,"column":8},"end":{"line":140,"column":null}},"loc":{"start":{"line":149,"column":29},"end":{"line":150,"column":null}},"line":149},"7":{"name":"(anonymous_7)","decl":{"start":{"line":156,"column":8},"end":{"line":156,"column":null}},"loc":{"start":{"line":163,"column":33},"end":{"line":164,"column":null}},"line":163},"8":{"name":"(anonymous_8)","decl":{"start":{"line":170,"column":16},"end":{"line":170,"column":null}},"loc":{"start":{"line":180,"column":29},"end":{"line":241,"column":null}},"line":180},"9":{"name":"(anonymous_9)","decl":{"start":{"line":184,"column":6},"end":{"line":184,"column":18}},"loc":{"start":{"line":184,"column":18},"end":{"line":240,"column":null}},"line":184},"10":{"name":"(anonymous_10)","decl":{"start":{"line":247,"column":2},"end":{"line":247,"column":10}},"loc":{"start":{"line":247,"column":63},"end":{"line":258,"column":null}},"line":247},"11":{"name":"(anonymous_11)","decl":{"start":{"line":251,"column":29},"end":{"line":251,"column":38}},"loc":{"start":{"line":251,"column":55},"end":{"line":255,"column":null}},"line":251},"12":{"name":"(anonymous_12)","decl":{"start":{"line":264,"column":2},"end":{"line":264,"column":10}},"loc":{"start":{"line":264,"column":67},"end":{"line":279,"column":null}},"line":264},"13":{"name":"(anonymous_13)","decl":{"start":{"line":266,"column":22},"end":{"line":266,"column":39}},"loc":{"start":{"line":266,"column":39},"end":{"line":266,"column":57}},"line":266},"14":{"name":"(anonymous_14)","decl":{"start":{"line":279,"column":7},"end":{"line":279,"column":21}},"loc":{"start":{"line":279,"column":21},"end":{"line":279,"column":44}},"line":279},"15":{"name":"createApiClient","decl":{"start":{"line":286,"column":16},"end":{"line":286,"column":32}},"loc":{"start":{"line":286,"column":68},"end":{"line":301,"column":null}},"line":286},"16":{"name":"(anonymous_16)","decl":{"start":{"line":290,"column":9},"end":{"line":290,"column":32}},"loc":{"start":{"line":290,"column":43},"end":{"line":293,"column":null}},"line":290},"17":{"name":"(anonymous_17)","decl":{"start":{"line":296,"column":9},"end":{"line":296,"column":30}},"loc":{"start":{"line":296,"column":40},"end":{"line":299,"column":null}},"line":296}},"branchMap":{"0":{"loc":{"start":{"line":79,"column":15},"end":{"line":79,"column":null}},"type":"binary-expr","locations":[{"start":{"line":79,"column":15},"end":{"line":79,"column":33}},{"start":{"line":79,"column":33},"end":{"line":79,"column":null}}],"line":79},"1":{"loc":{"start":{"line":80,"column":15},"end":{"line":80,"column":35}},"type":"binary-expr","locations":[{"start":{"line":80,"column":15},"end":{"line":80,"column":33}},{"start":{"line":80,"column":33},"end":{"line":80,"column":35}}],"line":80},"2":{"loc":{"start":{"line":81,"column":20},"end":{"line":81,"column":null}},"type":"binary-expr","locations":[{"start":{"line":81,"column":20},"end":{"line":81,"column":43}},{"start":{"line":81,"column":43},"end":{"line":81,"column":null}}],"line":81},"3":{"loc":{"start":{"line":215,"column":10},"end":{"line":217,"column":null}},"type":"if","locations":[{"start":{"line":215,"column":10},"end":{"line":217,"column":null}},{"start":{},"end":{}}],"line":215},"4":{"loc":{"start":{"line":221,"column":31},"end":{"line":221,"column":90}},"type":"cond-expr","locations":[{"start":{"line":221,"column":57},"end":{"line":221,"column":69}},{"start":{"line":221,"column":69},"end":{"line":221,"column":90}}],"line":221},"5":{"loc":{"start":{"line":233,"column":31},"end":{"line":233,"column":88}},"type":"cond-expr","locations":[{"start":{"line":233,"column":56},"end":{"line":233,"column":64}},{"start":{"line":233,"column":64},"end":{"line":233,"column":88}}],"line":233},"6":{"loc":{"start":{"line":250,"column":4},"end":{"line":255,"column":null}},"type":"if","locations":[{"start":{"line":250,"column":4},"end":{"line":255,"column":null}},{"start":{},"end":{}}],"line":250},"7":{"loc":{"start":{"line":252,"column":8},"end":{"line":253,"column":null}},"type":"if","locations":[{"start":{"line":252,"column":8},"end":{"line":253,"column":null}},{"start":{},"end":{}}],"line":252},"8":{"loc":{"start":{"line":252,"column":12},"end":{"line":252,"column":51}},"type":"binary-expr","locations":[{"start":{"line":252,"column":12},"end":{"line":252,"column":30}},{"start":{"line":252,"column":30},"end":{"line":252,"column":51}}],"line":252},"9":{"loc":{"start":{"line":274,"column":4},"end":{"line":275,"column":null}},"type":"if","locations":[{"start":{"line":274,"column":4},"end":{"line":275,"column":null}},{"start":{},"end":{}}],"line":274}},"s":{"0":9,"1":9,"2":9,"3":9,"4":1,"5":0,"6":1,"7":5,"8":1,"9":1,"10":1,"11":8,"12":8,"13":8,"14":8,"15":8,"16":8,"17":1,"18":8,"19":8,"20":8,"21":0,"22":8,"23":1,"24":1,"25":7,"26":6,"27":6,"28":2,"29":2,"30":1,"31":2,"32":8,"33":8,"34":1,"35":2,"36":2,"37":8,"38":8,"39":8,"40":0,"41":8,"42":8,"43":2,"44":8,"45":8,"46":0,"47":0,"48":0,"49":0,"50":0,"51":0,"52":0,"53":0},"f":{"0":9,"1":1,"2":0,"3":1,"4":5,"5":1,"6":1,"7":1,"8":8,"9":8,"10":8,"11":2,"12":8,"13":0,"14":8,"15":0,"16":0,"17":0},"b":{"0":[9,9],"1":[9,9],"2":[9,9],"3":[1,7],"4":[1,6],"5":[2,0],"6":[1,7],"7":[2,0],"8":[2,2],"9":[2,6]},"meta":{"lastBranch":10,"lastFunction":18,"lastStatement":54,"seen":{"s:72:54:72:56":0,"s:73:56:73:58":1,"s:74:50:74:52":2,"f:76:2:76:14":0,"s:77:4:82:Infinity":3,"b:79:15:79:33:79:33:79:Infinity":0,"b:80:15:80:33:80:33:80:35":1,"b:81:20:81:43:81:43:81:Infinity":2,"f:88:2:88:24":1,"s:89:4:89:Infinity":4,"f:95:2:95:25":2,"s:96:4:96:Infinity":5,"f:102:2:102:22":3,"s:103:4:103:Infinity":6,"f:109:8:109:Infinity":4,"s:118:4:118:Infinity":7,"f:124:8:124:Infinity":5,"s:134:4:134:Infinity":8,"f:140:8:140:Infinity":6,"s:150:4:150:Infinity":9,"f:156:8:156:Infinity":7,"s:164:4:164:Infinity":10,"f:170:16:170:Infinity":8,"s:181:25:181:Infinity":11,"s:183:4:241:Infinity":12,"f:184:6:184:18":9,"s:185:24:185:59":13,"s:186:24:190:Infinity":14,"s:192:36:198:Infinity":15,"s:201:8:202:Infinity":16,"s:202:10:202:Infinity":17,"s:205:8:237:Infinity":18,"s:207:25:207:58":19,"s:210:10:211:Infinity":20,"s:211:12:211:Infinity":21,"b:215:10:217:Infinity:undefined:undefined:undefined:undefined":3,"s:215:10:217:Infinity":22,"s:216:26:216:60":23,"s:217:12:217:Infinity":24,"s:221:31:221:90":25,"b:221:57:221:69:221:69:221:90":4,"s:224:28:224:65":26,"s:226:10:230:Infinity":27,"s:233:31:233:88":28,"b:233:56:233:64:233:64:233:88":5,"s:234:10:235:Infinity":29,"s:235:12:235:Infinity":30,"s:237:10:237:Infinity":31,"f:247:2:247:10":10,"s:248:16:248:50":32,"b:250:4:255:Infinity:undefined:undefined:undefined:undefined":6,"s:250:4:255:Infinity":33,"s:251:6:255:Infinity":34,"f:251:29:251:38":11,"b:252:8:253:Infinity:undefined:undefined:undefined:undefined":7,"s:252:8:253:Infinity":35,"b:252:12:252:30:252:30:252:51":8,"s:253:10:253:Infinity":36,"s:258:4:258:Infinity":37,"f:264:2:264:10":12,"s:265:23:265:44":38,"s:266:22:266:74":39,"f:266:22:266:39":13,"s:266:39:266:57":40,"s:268:38:272:Infinity":41,"b:274:4:275:Infinity:undefined:undefined:undefined:undefined":9,"s:274:4:275:Infinity":42,"s:275:6:275:Infinity":43,"s:278:4:279:Infinity":44,"f:279:7:279:21":14,"s:279:21:279:44":45,"f:286:16:286:32":15,"s:287:17:287:38":46,"s:290:2:293:Infinity":47,"f:290:9:290:32":16,"s:291:4:291:Infinity":48,"s:292:4:292:Infinity":49,"s:296:2:299:Infinity":50,"f:296:9:296:30":17,"s:297:4:297:Infinity":51,"s:298:4:298:Infinity":52,"s:301:2:301:Infinity":53}}}
,"/home/australopithecus/Músicas/substrato/frontend-next/lib/api/query-builder.ts": {"path":"/home/australopithecus/Músicas/substrato/frontend-next/lib/api/query-builder.ts","statementMap":{"0":{"start":{"line":24,"column":81},"end":{"line":24,"column":83}},"1":{"start":{"line":30,"column":4},"end":{"line":30,"column":null}},"2":{"start":{"line":31,"column":4},"end":{"line":31,"column":null}},"3":{"start":{"line":32,"column":4},"end":{"line":32,"column":null}},"4":{"start":{"line":39,"column":4},"end":{"line":43,"column":null}},"5":{"start":{"line":40,"column":6},"end":{"line":41,"column":null}},"6":{"start":{"line":41,"column":8},"end":{"line":41,"column":null}},"7":{"start":{"line":44,"column":4},"end":{"line":44,"column":null}},"8":{"start":{"line":51,"column":4},"end":{"line":51,"column":null}},"9":{"start":{"line":52,"column":4},"end":{"line":52,"column":null}},"10":{"start":{"line":59,"column":4},"end":{"line":60,"column":null}},"11":{"start":{"line":60,"column":6},"end":{"line":60,"column":null}},"12":{"start":{"line":62,"column":4},"end":{"line":62,"column":null}},"13":{"start":{"line":69,"column":4},"end":{"line":69,"column":null}},"14":{"start":{"line":70,"column":4},"end":{"line":70,"column":null}},"15":{"start":{"line":77,"column":21},"end":{"line":79,"column":16}},"16":{"start":{"line":78,"column":34},"end":{"line":78,"column":74}},"17":{"start":{"line":80,"column":4},"end":{"line":80,"column":null}},"18":{"start":{"line":81,"column":4},"end":{"line":81,"column":null}},"19":{"start":{"line":88,"column":4},"end":{"line":88,"column":null}},"20":{"start":{"line":89,"column":4},"end":{"line":89,"column":null}},"21":{"start":{"line":96,"column":4},"end":{"line":96,"column":null}},"22":{"start":{"line":97,"column":4},"end":{"line":97,"column":null}},"23":{"start":{"line":104,"column":4},"end":{"line":104,"column":null}},"24":{"start":{"line":105,"column":4},"end":{"line":105,"column":null}},"25":{"start":{"line":112,"column":4},"end":{"line":112,"column":null}},"26":{"start":{"line":119,"column":19},"end":{"line":119,"column":40}},"27":{"start":{"line":120,"column":4},"end":{"line":124,"column":null}},"28":{"start":{"line":121,"column":6},"end":{"line":122,"column":null}},"29":{"start":{"line":122,"column":8},"end":{"line":122,"column":null}},"30":{"start":{"line":125,"column":4},"end":{"line":125,"column":null}},"31":{"start":{"line":132,"column":4},"end":{"line":132,"column":null}},"32":{"start":{"line":140,"column":2},"end":{"line":140,"column":null}},"33":{"start":{"line":151,"column":4},"end":{"line":151,"column":null}},"34":{"start":{"line":158,"column":4},"end":{"line":158,"column":null}},"35":{"start":{"line":165,"column":4},"end":{"line":165,"column":null}},"36":{"start":{"line":172,"column":4},"end":{"line":172,"column":null}},"37":{"start":{"line":179,"column":4},"end":{"line":179,"column":null}},"38":{"start":{"line":186,"column":4},"end":{"line":186,"column":null}},"39":{"start":{"line":198,"column":4},"end":{"line":198,"column":null}},"40":{"start":{"line":205,"column":4},"end":{"line":205,"column":null}},"41":{"start":{"line":212,"column":4},"end":{"line":212,"column":null}},"42":{"start":{"line":219,"column":4},"end":{"line":219,"column":null}},"43":{"start":{"line":226,"column":4},"end":{"line":226,"column":null}},"44":{"start":{"line":233,"column":29},"end":{"line":237,"column":null}},"45":{"start":{"line":234,"column":19},"end":{"line":234,"column":46}},"46":{"start":{"line":235,"column":16},"end":{"line":235,"column":40}},"47":{"start":{"line":236,"column":17},"end":{"line":236,"column":null}}},"fnMap":{"0":{"name":"(anonymous_0)","decl":{"start":{"line":29,"column":2},"end":{"line":29,"column":11}},"loc":{"start":{"line":29,"column":52},"end":{"line":32,"column":null}},"line":29},"1":{"name":"(anonymous_1)","decl":{"start":{"line":38,"column":2},"end":{"line":38,"column":9}},"loc":{"start":{"line":38,"column":38},"end":{"line":44,"column":null}},"line":38},"2":{"name":"(anonymous_2)","decl":{"start":{"line":39,"column":28},"end":{"line":39,"column":37}},"loc":{"start":{"line":39,"column":54},"end":{"line":43,"column":null}},"line":39},"3":{"name":"(anonymous_3)","decl":{"start":{"line":50,"column":2},"end":{"line":50,"column":11}},"loc":{"start":{"line":50,"column":64},"end":{"line":52,"column":null}},"line":50},"4":{"name":"(anonymous_4)","decl":{"start":{"line":58,"column":2},"end":{"line":58,"column":9}},"loc":{"start":{"line":58,"column":30},"end":{"line":62,"column":null}},"line":58},"5":{"name":"(anonymous_5)","decl":{"start":{"line":68,"column":2},"end":{"line":68,"column":10}},"loc":{"start":{"line":68,"column":62},"end":{"line":70,"column":null}},"line":68},"6":{"name":"(anonymous_6)","decl":{"start":{"line":76,"column":2},"end":{"line":76,"column":18}},"loc":{"start":{"line":76,"column":81},"end":{"line":81,"column":null}},"line":76},"7":{"name":"(anonymous_7)","decl":{"start":{"line":78,"column":7},"end":{"line":78,"column":12}},"loc":{"start":{"line":78,"column":34},"end":{"line":78,"column":74}},"line":78},"8":{"name":"(anonymous_8)","decl":{"start":{"line":87,"column":2},"end":{"line":87,"column":8}},"loc":{"start":{"line":87,"column":80},"end":{"line":89,"column":null}},"line":87},"9":{"name":"(anonymous_9)","decl":{"start":{"line":95,"column":2},"end":{"line":95,"column":13}},"loc":{"start":{"line":95,"column":32},"end":{"line":97,"column":null}},"line":95},"10":{"name":"(anonymous_10)","decl":{"start":{"line":103,"column":2},"end":{"line":103,"column":16}},"loc":{"start":{"line":103,"column":16},"end":{"line":105,"column":null}},"line":103},"11":{"name":"(anonymous_11)","decl":{"start":{"line":111,"column":2},"end":{"line":111,"column":72}},"loc":{"start":{"line":111,"column":72},"end":{"line":112,"column":null}},"line":111},"12":{"name":"(anonymous_12)","decl":{"start":{"line":118,"column":2},"end":{"line":118,"column":36}},"loc":{"start":{"line":118,"column":36},"end":{"line":125,"column":null}},"line":118},"13":{"name":"(anonymous_13)","decl":{"start":{"line":120,"column":32},"end":{"line":120,"column":41}},"loc":{"start":{"line":120,"column":58},"end":{"line":124,"column":null}},"line":120},"14":{"name":"(anonymous_14)","decl":{"start":{"line":131,"column":2},"end":{"line":131,"column":21}},"loc":{"start":{"line":131,"column":21},"end":{"line":132,"column":null}},"line":131},"15":{"name":"createQueryBuilder","decl":{"start":{"line":139,"column":16},"end":{"line":139,"column":51}},"loc":{"start":{"line":139,"column":51},"end":{"line":140,"column":null}},"line":139},"16":{"name":"(anonymous_16)","decl":{"start":{"line":150,"column":2},"end":{"line":150,"column":9}},"loc":{"start":{"line":150,"column":29},"end":{"line":151,"column":null}},"line":150},"17":{"name":"(anonymous_17)","decl":{"start":{"line":157,"column":2},"end":{"line":157,"column":10}},"loc":{"start":{"line":157,"column":31},"end":{"line":158,"column":null}},"line":157},"18":{"name":"(anonymous_18)","decl":{"start":{"line":164,"column":2},"end":{"line":164,"column":13}},"loc":{"start":{"line":164,"column":37},"end":{"line":165,"column":null}},"line":164},"19":{"name":"(anonymous_19)","decl":{"start":{"line":171,"column":2},"end":{"line":171,"column":11}},"loc":{"start":{"line":171,"column":36},"end":{"line":172,"column":null}},"line":171},"20":{"name":"(anonymous_20)","decl":{"start":{"line":178,"column":2},"end":{"line":178,"column":23}},"loc":{"start":{"line":178,"column":23},"end":{"line":179,"column":null}},"line":178},"21":{"name":"(anonymous_21)","decl":{"start":{"line":185,"column":2},"end":{"line":185,"column":19}},"loc":{"start":{"line":185,"column":19},"end":{"line":186,"column":null}},"line":185},"22":{"name":"(anonymous_22)","decl":{"start":{"line":197,"column":2},"end":{"line":197,"column":9}},"loc":{"start":{"line":197,"column":29},"end":{"line":198,"column":null}},"line":197},"23":{"name":"(anonymous_23)","decl":{"start":{"line":204,"column":2},"end":{"line":204,"column":13}},"loc":{"start":{"line":204,"column":39},"end":{"line":205,"column":null}},"line":204},"24":{"name":"(anonymous_24)","decl":{"start":{"line":211,"column":2},"end":{"line":211,"column":11}},"loc":{"start":{"line":211,"column":33},"end":{"line":212,"column":null}},"line":211},"25":{"name":"(anonymous_25)","decl":{"start":{"line":218,"column":2},"end":{"line":218,"column":23}},"loc":{"start":{"line":218,"column":23},"end":{"line":219,"column":null}},"line":218},"26":{"name":"(anonymous_26)","decl":{"start":{"line":225,"column":2},"end":{"line":225,"column":19}},"loc":{"start":{"line":225,"column":19},"end":{"line":226,"column":null}},"line":225},"27":{"name":"(anonymous_27)","decl":{"start":{"line":234,"column":2},"end":{"line":234,"column":19}},"loc":{"start":{"line":234,"column":19},"end":{"line":234,"column":46}},"line":234},"28":{"name":"(anonymous_28)","decl":{"start":{"line":235,"column":2},"end":{"line":235,"column":16}},"loc":{"start":{"line":235,"column":16},"end":{"line":235,"column":40}},"line":235},"29":{"name":"(anonymous_29)","decl":{"start":{"line":236,"column":2},"end":{"line":236,"column":17}},"loc":{"start":{"line":236,"column":17},"end":{"line":236,"column":null}},"line":236}},"branchMap":{"0":{"loc":{"start":{"line":29,"column":26},"end":{"line":29,"column":52}},"type":"default-arg","locations":[{"start":{"line":29,"column":43},"end":{"line":29,"column":52}}],"line":29},"1":{"loc":{"start":{"line":40,"column":6},"end":{"line":41,"column":null}},"type":"if","locations":[{"start":{"line":40,"column":6},"end":{"line":41,"column":null}},{"start":{},"end":{}}],"line":40},"2":{"loc":{"start":{"line":40,"column":10},"end":{"line":40,"column":49}},"type":"binary-expr","locations":[{"start":{"line":40,"column":10},"end":{"line":40,"column":28}},{"start":{"line":40,"column":28},"end":{"line":40,"column":49}}],"line":40},"3":{"loc":{"start":{"line":59,"column":4},"end":{"line":60,"column":null}},"type":"if","locations":[{"start":{"line":59,"column":4},"end":{"line":60,"column":null}},{"start":{},"end":{}}],"line":59},"4":{"loc":{"start":{"line":68,"column":25},"end":{"line":68,"column":62}},"type":"default-arg","locations":[{"start":{"line":68,"column":49},"end":{"line":68,"column":62}}],"line":68},"5":{"loc":{"start":{"line":69,"column":27},"end":{"line":69,"column":null}},"type":"cond-expr","locations":[{"start":{"line":69,"column":46},"end":{"line":69,"column":60}},{"start":{"line":69,"column":60},"end":{"line":69,"column":null}}],"line":69},"6":{"loc":{"start":{"line":78,"column":34},"end":{"line":78,"column":74}},"type":"cond-expr","locations":[{"start":{"line":78,"column":53},"end":{"line":78,"column":67}},{"start":{"line":78,"column":67},"end":{"line":78,"column":74}}],"line":78},"7":{"loc":{"start":{"line":121,"column":6},"end":{"line":122,"column":null}},"type":"if","locations":[{"start":{"line":121,"column":6},"end":{"line":122,"column":null}},{"start":{},"end":{}}],"line":121},"8":{"loc":{"start":{"line":121,"column":10},"end":{"line":121,"column":49}},"type":"binary-expr","locations":[{"start":{"line":121,"column":10},"end":{"line":121,"column":28}},{"start":{"line":121,"column":28},"end":{"line":121,"column":49}}],"line":121}},"s":{"0":30,"1":7,"2":7,"3":7,"4":3,"5":7,"6":5,"7":3,"8":8,"9":8,"10":8,"11":7,"12":8,"13":8,"14":8,"15":1,"16":2,"17":1,"18":1,"19":3,"20":3,"21":1,"22":1,"23":1,"24":1,"25":25,"26":2,"27":2,"28":6,"29":6,"30":2,"31":1,"32":0,"33":1,"34":1,"35":1,"36":2,"37":1,"38":2,"39":1,"40":1,"41":1,"42":1,"43":1,"44":1,"45":1,"46":1,"47":1},"f":{"0":7,"1":3,"2":7,"3":8,"4":8,"5":8,"6":1,"7":2,"8":3,"9":1,"10":1,"11":25,"12":2,"13":6,"14":1,"15":0,"16":1,"17":1,"18":1,"19":2,"20":1,"21":2,"22":1,"23":1,"24":1,"25":1,"26":1,"27":1,"28":1,"29":1},"b":{"0":[7],"1":[5,2],"2":[7,6],"3":[7,1],"4":[8],"5":[4,4],"6":[1,1],"7":[6,0],"8":[6,6]},"meta":{"lastBranch":9,"lastFunction":30,"lastStatement":48,"seen":{"s:24:81:24:83":0,"f:29:2:29:11":0,"b:29:43:29:52":0,"s:30:4:30:Infinity":1,"s:31:4:31:Infinity":2,"s:32:4:32:Infinity":3,"f:38:2:38:9":1,"s:39:4:43:Infinity":4,"f:39:28:39:37":2,"b:40:6:41:Infinity:undefined:undefined:undefined:undefined":1,"s:40:6:41:Infinity":5,"b:40:10:40:28:40:28:40:49":2,"s:41:8:41:Infinity":6,"s:44:4:44:Infinity":7,"f:50:2:50:11":3,"s:51:4:51:Infinity":8,"s:52:4:52:Infinity":9,"f:58:2:58:9":4,"b:59:4:60:Infinity:undefined:undefined:undefined:undefined":3,"s:59:4:60:Infinity":10,"s:60:6:60:Infinity":11,"s:62:4:62:Infinity":12,"f:68:2:68:10":5,"b:68:49:68:62":4,"s:69:4:69:Infinity":13,"b:69:46:69:60:69:60:69:Infinity":5,"s:70:4:70:Infinity":14,"f:76:2:76:18":6,"s:77:21:79:16":15,"f:78:7:78:12":7,"s:78:34:78:74":16,"b:78:53:78:67:78:67:78:74":6,"s:80:4:80:Infinity":17,"s:81:4:81:Infinity":18,"f:87:2:87:8":8,"s:88:4:88:Infinity":19,"s:89:4:89:Infinity":20,"f:95:2:95:13":9,"s:96:4:96:Infinity":21,"s:97:4:97:Infinity":22,"f:103:2:103:16":10,"s:104:4:104:Infinity":23,"s:105:4:105:Infinity":24,"f:111:2:111:72":11,"s:112:4:112:Infinity":25,"f:118:2:118:36":12,"s:119:19:119:40":26,"s:120:4:124:Infinity":27,"f:120:32:120:41":13,"b:121:6:122:Infinity:undefined:undefined:undefined:undefined":7,"s:121:6:122:Infinity":28,"b:121:10:121:28:121:28:121:49":8,"s:122:8:122:Infinity":29,"s:125:4:125:Infinity":30,"f:131:2:131:21":14,"s:132:4:132:Infinity":31,"f:139:16:139:51":15,"s:140:2:140:Infinity":32,"f:150:2:150:9":16,"s:151:4:151:Infinity":33,"f:157:2:157:10":17,"s:158:4:158:Infinity":34,"f:164:2:164:13":18,"s:165:4:165:Infinity":35,"f:171:2:171:11":19,"s:172:4:172:Infinity":36,"f:178:2:178:23":20,"s:179:4:179:Infinity":37,"f:185:2:185:19":21,"s:186:4:186:Infinity":38,"f:197:2:197:9":22,"s:198:4:198:Infinity":39,"f:204:2:204:13":23,"s:205:4:205:Infinity":40,"f:211:2:211:11":24,"s:212:4:212:Infinity":41,"f:218:2:218:23":25,"s:219:4:219:Infinity":42,"f:225:2:225:19":26,"s:226:4:226:Infinity":43,"s:233:29:237:Infinity":44,"f:234:2:234:19":27,"s:234:19:234:46":45,"f:235:2:235:16":28,"s:235:16:235:40":46,"f:236:2:236:17":29,"s:236:17:236:Infinity":47}}}
,"/home/australopithecus/Músicas/substrato/frontend-next/lib/errors/api-error.ts": {"path":"/home/australopithecus/Músicas/substrato/frontend-next/lib/errors/api-error.ts","statementMap":{"0":{"start":{"line":11,"column":36},"end":{"line":19,"column":2}},"1":{"start":{"line":40,"column":4},"end":{"line":40,"column":null}},"2":{"start":{"line":41,"column":4},"end":{"line":41,"column":null}},"3":{"start":{"line":42,"column":4},"end":{"line":42,"column":null}},"4":{"start":{"line":43,"column":4},"end":{"line":43,"column":null}},"5":{"start":{"line":44,"column":4},"end":{"line":44,"column":null}},"6":{"start":{"line":45,"column":4},"end":{"line":45,"column":null}},"7":{"start":{"line":46,"column":4},"end":{"line":46,"column":null}},"8":{"start":{"line":47,"column":4},"end":{"line":47,"column":null}},"9":{"start":{"line":54,"column":4},"end":{"line":67,"column":null}},"10":{"start":{"line":56,"column":8},"end":{"line":56,"column":null}},"11":{"start":{"line":59,"column":8},"end":{"line":59,"column":null}},"12":{"start":{"line":61,"column":8},"end":{"line":61,"column":null}},"13":{"start":{"line":65,"column":8},"end":{"line":65,"column":null}},"14":{"start":{"line":67,"column":8},"end":{"line":67,"column":null}},"15":{"start":{"line":75,"column":4},"end":{"line":75,"column":null}},"16":{"start":{"line":82,"column":4},"end":{"line":82,"column":null}},"17":{"start":{"line":89,"column":4},"end":{"line":89,"column":null}},"18":{"start":{"line":96,"column":4},"end":{"line":96,"column":null}},"19":{"start":{"line":103,"column":4},"end":{"line":103,"column":null}},"20":{"start":{"line":110,"column":4},"end":{"line":110,"column":null}},"21":{"start":{"line":117,"column":4},"end":{"line":117,"column":null}},"22":{"start":{"line":126,"column":2},"end":{"line":127,"column":null}},"23":{"start":{"line":127,"column":4},"end":{"line":127,"column":null}},"24":{"start":{"line":131,"column":2},"end":{"line":138,"column":null}},"25":{"start":{"line":132,"column":4},"end":{"line":138,"column":null}},"26":{"start":{"line":142,"column":2},"end":{"line":149,"column":null}},"27":{"start":{"line":143,"column":4},"end":{"line":149,"column":null}},"28":{"start":{"line":153,"column":2},"end":{"line":159,"column":null}},"29":{"start":{"line":166,"column":2},"end":{"line":178,"column":null}},"30":{"start":{"line":167,"column":17},"end":{"line":167,"column":38}},"31":{"start":{"line":168,"column":20},"end":{"line":168,"column":52}},"32":{"start":{"line":169,"column":4},"end":{"line":169,"column":null}},"33":{"start":{"line":172,"column":4},"end":{"line":178,"column":null}},"34":{"start":{"line":186,"column":2},"end":{"line":202,"column":null}},"35":{"start":{"line":188,"column":6},"end":{"line":188,"column":null}},"36":{"start":{"line":190,"column":6},"end":{"line":190,"column":null}},"37":{"start":{"line":192,"column":6},"end":{"line":192,"column":null}},"38":{"start":{"line":194,"column":6},"end":{"line":194,"column":null}},"39":{"start":{"line":196,"column":6},"end":{"line":196,"column":null}},"40":{"start":{"line":198,"column":6},"end":{"line":198,"column":null}},"41":{"start":{"line":200,"column":6},"end":{"line":200,"column":null}},"42":{"start":{"line":202,"column":6},"end":{"line":202,"column":null}},"43":{"start":{"line":210,"column":2},"end":{"line":211,"column":null}},"44":{"start":{"line":211,"column":4},"end":{"line":211,"column":null}},"45":{"start":{"line":213,"column":2},"end":{"line":213,"column":null}}},"fnMap":{"0":{"name":"(anonymous_0)","decl":{"start":{"line":39,"column":2},"end":{"line":39,"column":14}},"loc":{"start":{"line":39,"column":39},"end":{"line":47,"column":null}},"line":39},"1":{"name":"(anonymous_1)","decl":{"start":{"line":53,"column":2},"end":{"line":53,"column":31}},"loc":{"start":{"line":53,"column":31},"end":{"line":67,"column":null}},"line":53},"2":{"name":"(anonymous_2)","decl":{"start":{"line":74,"column":2},"end":{"line":74,"column":31}},"loc":{"start":{"line":74,"column":31},"end":{"line":75,"column":null}},"line":74},"3":{"name":"(anonymous_3)","decl":{"start":{"line":81,"column":2},"end":{"line":81,"column":25}},"loc":{"start":{"line":81,"column":25},"end":{"line":82,"column":null}},"line":81},"4":{"name":"(anonymous_4)","decl":{"start":{"line":88,"column":2},"end":{"line":88,"column":26}},"loc":{"start":{"line":88,"column":26},"end":{"line":89,"column":null}},"line":88},"5":{"name":"(anonymous_5)","decl":{"start":{"line":95,"column":2},"end":{"line":95,"column":29}},"loc":{"start":{"line":95,"column":29},"end":{"line":96,"column":null}},"line":95},"6":{"name":"(anonymous_6)","decl":{"start":{"line":102,"column":2},"end":{"line":102,"column":30}},"loc":{"start":{"line":102,"column":30},"end":{"line":103,"column":null}},"line":102},"7":{"name":"(anonymous_7)","decl":{"start":{"line":109,"column":2},"end":{"line":109,"column":27}},"loc":{"start":{"line":109,"column":27},"end":{"line":110,"column":null}},"line":109},"8":{"name":"(anonymous_8)","decl":{"start":{"line":116,"column":2},"end":{"line":116,"column":25}},"loc":{"start":{"line":116,"column":25},"end":{"line":117,"column":null}},"line":116},"9":{"name":"parseApiError","decl":{"start":{"line":124,"column":16},"end":{"line":124,"column":30}},"loc":{"start":{"line":124,"column":56},"end":{"line":159,"column":null}},"line":124},"10":{"name":"parseResponseError","decl":{"start":{"line":165,"column":22},"end":{"line":165,"column":41}},"loc":{"start":{"line":165,"column":80},"end":{"line":178,"column":null}},"line":165},"11":{"name":"getUserFriendlyMessage","decl":{"start":{"line":185,"column":16},"end":{"line":185,"column":39}},"loc":{"start":{"line":185,"column":64},"end":{"line":202,"column":null}},"line":185},"12":{"name":"getFieldErrors","decl":{"start":{"line":209,"column":16},"end":{"line":209,"column":31}},"loc":{"start":{"line":209,"column":72},"end":{"line":213,"column":null}},"line":209}},"branchMap":{"0":{"loc":{"start":{"line":44,"column":20},"end":{"line":44,"column":null}},"type":"binary-expr","locations":[{"start":{"line":44,"column":20},"end":{"line":44,"column":40}},{"start":{"line":44,"column":40},"end":{"line":44,"column":null}}],"line":44},"1":{"loc":{"start":{"line":54,"column":4},"end":{"line":67,"column":null}},"type":"switch","locations":[{"start":{"line":55,"column":6},"end":{"line":56,"column":null}},{"start":{"line":57,"column":6},"end":{"line":57,"column":null}},{"start":{"line":58,"column":6},"end":{"line":59,"column":null}},{"start":{"line":60,"column":6},"end":{"line":61,"column":null}},{"start":{"line":62,"column":6},"end":{"line":62,"column":null}},{"start":{"line":63,"column":6},"end":{"line":63,"column":null}},{"start":{"line":64,"column":6},"end":{"line":65,"column":null}},{"start":{"line":66,"column":6},"end":{"line":67,"column":null}}],"line":54},"2":{"loc":{"start":{"line":75,"column":11},"end":{"line":75,"column":null}},"type":"binary-expr","locations":[{"start":{"line":75,"column":11},"end":{"line":75,"column":34}},{"start":{"line":75,"column":34},"end":{"line":75,"column":null}}],"line":75},"3":{"loc":{"start":{"line":117,"column":11},"end":{"line":117,"column":null}},"type":"binary-expr","locations":[{"start":{"line":117,"column":11},"end":{"line":117,"column":31}},{"start":{"line":117,"column":35},"end":{"line":117,"column":58}},{"start":{"line":117,"column":62},"end":{"line":117,"column":null}}],"line":117},"4":{"loc":{"start":{"line":126,"column":2},"end":{"line":127,"column":null}},"type":"if","locations":[{"start":{"line":126,"column":2},"end":{"line":127,"column":null}},{"start":{},"end":{}}],"line":126},"5":{"loc":{"start":{"line":131,"column":2},"end":{"line":138,"column":null}},"type":"if","locations":[{"start":{"line":131,"column":2},"end":{"line":138,"column":null}},{"start":{},"end":{}}],"line":131},"6":{"loc":{"start":{"line":142,"column":2},"end":{"line":149,"column":null}},"type":"if","locations":[{"start":{"line":142,"column":2},"end":{"line":149,"column":null}},{"start":{},"end":{}}],"line":142},"7":{"loc":{"start":{"line":146,"column":13},"end":{"line":146,"column":null}},"type":"binary-expr","locations":[{"start":{"line":146,"column":13},"end":{"line":146,"column":33}},{"start":{"line":146,"column":33},"end":{"line":146,"column":null}}],"line":146},"8":{"loc":{"start":{"line":175,"column":13},"end":{"line":175,"column":null}},"type":"binary-expr","locations":[{"start":{"line":175,"column":13},"end":{"line":175,"column":36}},{"start":{"line":175,"column":36},"end":{"line":175,"column":null}}],"line":175},"9":{"loc":{"start":{"line":186,"column":2},"end":{"line":202,"column":null}},"type":"switch","locations":[{"start":{"line":187,"column":4},"end":{"line":188,"column":null}},{"start":{"line":189,"column":4},"end":{"line":190,"column":null}},{"start":{"line":191,"column":4},"end":{"line":192,"column":null}},{"start":{"line":193,"column":4},"end":{"line":194,"column":null}},{"start":{"line":195,"column":4},"end":{"line":196,"column":null}},{"start":{"line":197,"column":4},"end":{"line":198,"column":null}},{"start":{"line":199,"column":4},"end":{"line":200,"column":null}},{"start":{"line":201,"column":4},"end":{"line":202,"column":null}}],"line":186},"10":{"loc":{"start":{"line":202,"column":13},"end":{"line":202,"column":null}},"type":"binary-expr","locations":[{"start":{"line":202,"column":13},"end":{"line":202,"column":29}},{"start":{"line":202,"column":29},"end":{"line":202,"column":null}}],"line":202},"11":{"loc":{"start":{"line":210,"column":2},"end":{"line":211,"column":null}},"type":"if","locations":[{"start":{"line":210,"column":2},"end":{"line":211,"column":null}},{"start":{},"end":{}}],"line":210}},"s":{"0":2,"1":20,"2":20,"3":20,"4":20,"5":20,"6":20,"7":20,"8":20,"9":0,"10":0,"11":0,"12":0,"13":0,"14":0,"15":0,"16":0,"17":0,"18":0,"19":9,"20":21,"21":21,"22":0,"23":0,"24":0,"25":0,"26":0,"27":0,"28":0,"29":1,"30":1,"31":1,"32":1,"33":1,"34":0,"35":0,"36":0,"37":0,"38":0,"39":0,"40":0,"41":0,"42":0,"43":0,"44":0,"45":0},"f":{"0":20,"1":0,"2":0,"3":0,"4":0,"5":0,"6":9,"7":21,"8":21,"9":0,"10":1,"11":0,"12":0},"b":{"0":[20,20],"1":[0,0,0,0,0,0,0,0],"2":[0,0],"3":[21,9,7],"4":[0,0],"5":[0,0],"6":[0,0],"7":[0,0],"8":[1,1],"9":[0,0,0,0,0,0,0,0],"10":[0,0],"11":[0,0]},"meta":{"lastBranch":12,"lastFunction":13,"lastStatement":46,"seen":{"s:11:36:19:2":0,"f:39:2:39:14":0,"s:40:4:40:Infinity":1,"s:41:4:41:Infinity":2,"s:42:4:42:Infinity":3,"s:43:4:43:Infinity":4,"s:44:4:44:Infinity":5,"b:44:20:44:40:44:40:44:Infinity":0,"s:45:4:45:Infinity":6,"s:46:4:46:Infinity":7,"s:47:4:47:Infinity":8,"f:53:2:53:31":1,"b:55:6:56:Infinity:57:6:57:Infinity:58:6:59:Infinity:60:6:61:Infinity:62:6:62:Infinity:63:6:63:Infinity:64:6:65:Infinity:66:6:67:Infinity":1,"s:54:4:67:Infinity":9,"s:56:8:56:Infinity":10,"s:59:8:59:Infinity":11,"s:61:8:61:Infinity":12,"s:65:8:65:Infinity":13,"s:67:8:67:Infinity":14,"f:74:2:74:31":2,"s:75:4:75:Infinity":15,"b:75:11:75:34:75:34:75:Infinity":2,"f:81:2:81:25":3,"s:82:4:82:Infinity":16,"f:88:2:88:26":4,"s:89:4:89:Infinity":17,"f:95:2:95:29":5,"s:96:4:96:Infinity":18,"f:102:2:102:30":6,"s:103:4:103:Infinity":19,"f:109:2:109:27":7,"s:110:4:110:Infinity":20,"f:116:2:116:25":8,"s:117:4:117:Infinity":21,"b:117:11:117:31:117:35:117:58:117:62:117:Infinity":3,"f:124:16:124:30":9,"b:126:2:127:Infinity:undefined:undefined:undefined:undefined":4,"s:126:2:127:Infinity":22,"s:127:4:127:Infinity":23,"b:131:2:138:Infinity:undefined:undefined:undefined:undefined":5,"s:131:2:138:Infinity":24,"s:132:4:138:Infinity":25,"b:142:2:149:Infinity:undefined:undefined:undefined:undefined":6,"s:142:2:149:Infinity":26,"s:143:4:149:Infinity":27,"b:146:13:146:33:146:33:146:Infinity":7,"s:153:2:159:Infinity":28,"f:165:22:165:41":10,"s:166:2:178:Infinity":29,"s:167:17:167:38":30,"s:168:20:168:52":31,"s:169:4:169:Infinity":32,"s:172:4:178:Infinity":33,"b:175:13:175:36:175:36:175:Infinity":8,"f:185:16:185:39":11,"b:187:4:188:Infinity:189:4:190:Infinity:191:4:192:Infinity:193:4:194:Infinity:195:4:196:Infinity:197:4:198:Infinity:199:4:200:Infinity:201:4:202:Infinity":9,"s:186:2:202:Infinity":34,"s:188:6:188:Infinity":35,"s:190:6:190:Infinity":36,"s:192:6:192:Infinity":37,"s:194:6:194:Infinity":38,"s:196:6:196:Infinity":39,"s:198:6:198:Infinity":40,"s:200:6:200:Infinity":41,"s:202:6:202:Infinity":42,"b:202:13:202:29:202:29:202:Infinity":10,"f:209:16:209:31":12,"b:210:2:211:Infinity:undefined:undefined:undefined:undefined":11,"s:210:2:211:Infinity":43,"s:211:4:211:Infinity":44,"s:213:2:213:Infinity":45}}}
,"/home/australopithecus/Músicas/substrato/frontend-next/lib/errors/retry.ts": {"path":"/home/australopithecus/Músicas/substrato/frontend-next/lib/errors/retry.ts","statementMap":{"0":{"start":{"line":42,"column":61},"end":{"line":55,"column":null}},"1":{"start":{"line":49,"column":4},"end":{"line":50,"column":null}},"2":{"start":{"line":50,"column":6},"end":{"line":50,"column":null}},"3":{"start":{"line":52,"column":4},"end":{"line":52,"column":null}},"4":{"start":{"line":64,"column":27},"end":{"line":64,"column":96}},"5":{"start":{"line":65,"column":26},"end":{"line":65,"column":null}},"6":{"start":{"line":66,"column":2},"end":{"line":66,"column":null}},"7":{"start":{"line":73,"column":2},"end":{"line":73,"column":null}},"8":{"start":{"line":73,"column":32},"end":{"line":73,"column":55}},"9":{"start":{"line":83,"column":15},"end":{"line":83,"column":null}},"10":{"start":{"line":86,"column":2},"end":{"line":111,"column":null}},"11":{"start":{"line":86,"column":21},"end":{"line":86,"column":24}},"12":{"start":{"line":87,"column":4},"end":{"line":111,"column":null}},"13":{"start":{"line":88,"column":6},"end":{"line":88,"column":null}},"14":{"start":{"line":90,"column":23},"end":{"line":90,"column":83}},"15":{"start":{"line":93,"column":6},"end":{"line":94,"column":null}},"16":{"start":{"line":94,"column":8},"end":{"line":94,"column":null}},"17":{"start":{"line":98,"column":6},"end":{"line":99,"column":null}},"18":{"start":{"line":99,"column":8},"end":{"line":99,"column":null}},"19":{"start":{"line":103,"column":26},"end":{"line":103,"column":55}},"20":{"start":{"line":106,"column":6},"end":{"line":106,"column":null}},"21":{"start":{"line":109,"column":6},"end":{"line":109,"column":null}},"22":{"start":{"line":111,"column":6},"end":{"line":111,"column":null}},"23":{"start":{"line":116,"column":2},"end":{"line":116,"column":null}},"24":{"start":{"line":126,"column":2},"end":{"line":133,"column":null}},"25":{"start":{"line":130,"column":4},"end":{"line":133,"column":null}}},"fnMap":{"0":{"name":"(anonymous_0)","decl":{"start":{"line":47,"column":2},"end":{"line":47,"column":16}},"loc":{"start":{"line":47,"column":26},"end":{"line":52,"column":null}},"line":47},"1":{"name":"(anonymous_1)","decl":{"start":{"line":54,"column":2},"end":{"line":54,"column":17}},"loc":{"start":{"line":54,"column":17},"end":{"line":54,"column":null}},"line":54},"2":{"name":"calculateDelay","decl":{"start":{"line":60,"column":16},"end":{"line":60,"column":null}},"loc":{"start":{"line":63,"column":10},"end":{"line":66,"column":null}},"line":63},"3":{"name":"sleep","decl":{"start":{"line":72,"column":9},"end":{"line":72,"column":15}},"loc":{"start":{"line":72,"column":42},"end":{"line":73,"column":null}},"line":72},"4":{"name":"(anonymous_4)","decl":{"start":{"line":73,"column":13},"end":{"line":73,"column":21}},"loc":{"start":{"line":73,"column":32},"end":{"line":73,"column":55}},"line":73},"5":{"name":"withRetry","decl":{"start":{"line":79,"column":22},"end":{"line":79,"column":null}},"loc":{"start":{"line":82,"column":14},"end":{"line":116,"column":null}},"line":82},"6":{"name":"createRetryExecutor","decl":{"start":{"line":125,"column":16},"end":{"line":125,"column":36}},"loc":{"start":{"line":125,"column":67},"end":{"line":133,"column":null}},"line":125},"7":{"name":"execute","decl":{"start":{"line":126,"column":24},"end":{"line":126,"column":null}},"loc":{"start":{"line":129,"column":16},"end":{"line":133,"column":null}},"line":129}},"branchMap":{"0":{"loc":{"start":{"line":49,"column":4},"end":{"line":50,"column":null}},"type":"if","locations":[{"start":{"line":49,"column":4},"end":{"line":50,"column":null}},{"start":{},"end":{}}],"line":49},"1":{"loc":{"start":{"line":81,"column":2},"end":{"line":81,"column":28}},"type":"default-arg","locations":[{"start":{"line":81,"column":26},"end":{"line":81,"column":28}}],"line":81},"2":{"loc":{"start":{"line":90,"column":23},"end":{"line":90,"column":83}},"type":"cond-expr","locations":[{"start":{"line":90,"column":51},"end":{"line":90,"column":59}},{"start":{"line":90,"column":59},"end":{"line":90,"column":83}}],"line":90},"3":{"loc":{"start":{"line":93,"column":6},"end":{"line":94,"column":null}},"type":"if","locations":[{"start":{"line":93,"column":6},"end":{"line":94,"column":null}},{"start":{},"end":{}}],"line":93},"4":{"loc":{"start":{"line":98,"column":6},"end":{"line":99,"column":null}},"type":"if","locations":[{"start":{"line":98,"column":6},"end":{"line":99,"column":null}},{"start":{},"end":{}}],"line":98},"5":{"loc":{"start":{"line":116,"column":8},"end":{"line":116,"column":46}},"type":"binary-expr","locations":[{"start":{"line":116,"column":8},"end":{"line":116,"column":21}},{"start":{"line":116,"column":21},"end":{"line":116,"column":46}}],"line":116}},"s":{"0":2,"1":15,"2":14,"3":1,"4":14,"5":14,"6":14,"7":10,"8":10,"9":17,"10":17,"11":17,"12":27,"13":27,"14":16,"15":16,"16":4,"17":12,"18":2,"19":10,"20":10,"21":10,"22":10,"23":0,"24":0,"25":0},"f":{"0":15,"1":6,"2":14,"3":10,"4":10,"5":17,"6":0,"7":0},"b":{"0":[14,1],"1":[17],"2":[15,1],"3":[4,12],"4":[2,10],"5":[0,0]},"meta":{"lastBranch":6,"lastFunction":8,"lastStatement":26,"seen":{"s:42:61:55:Infinity":0,"f:47:2:47:16":0,"b:49:4:50:Infinity:undefined:undefined:undefined:undefined":0,"s:49:4:50:Infinity":1,"s:50:6:50:Infinity":2,"s:52:4:52:Infinity":3,"f:54:2:54:17":1,"f:60:16:60:Infinity":2,"s:64:27:64:96":4,"s:65:26:65:Infinity":5,"s:66:2:66:Infinity":6,"f:72:9:72:15":3,"s:73:2:73:Infinity":7,"f:73:13:73:21":4,"s:73:32:73:55":8,"f:79:22:79:Infinity":5,"b:81:26:81:28":1,"s:83:15:83:Infinity":9,"s:86:2:111:Infinity":10,"s:86:21:86:24":11,"s:87:4:111:Infinity":12,"s:88:6:88:Infinity":13,"s:90:23:90:83":14,"b:90:51:90:59:90:59:90:83":2,"b:93:6:94:Infinity:undefined:undefined:undefined:undefined":3,"s:93:6:94:Infinity":15,"s:94:8:94:Infinity":16,"b:98:6:99:Infinity:undefined:undefined:undefined:undefined":4,"s:98:6:99:Infinity":17,"s:99:8:99:Infinity":18,"s:103:26:103:55":19,"s:106:6:106:Infinity":20,"s:109:6:109:Infinity":21,"s:111:6:111:Infinity":22,"s:116:2:116:Infinity":23,"b:116:8:116:21:116:21:116:46":5,"f:125:16:125:36":6,"s:126:2:133:Infinity":24,"f:126:24:126:Infinity":7,"s:130:4:133:Infinity":25}}}
,"/home/australopithecus/Músicas/substrato/frontend-next/lib/validators/schemas.ts": {"path":"/home/australopithecus/Músicas/substrato/frontend-next/lib/validators/schemas.ts","statementMap":{"0":{"start":{"line":12,"column":30},"end":{"line":43,"column":2}},"1":{"start":{"line":53,"column":36},"end":{"line":56,"column":11}},"2":{"start":{"line":63,"column":36},"end":{"line":63,"column":66}},"3":{"start":{"line":70,"column":27},"end":{"line":78,"column":2}},"4":{"start":{"line":82,"column":33},"end":{"line":82,"column":63}},"5":{"start":{"line":85,"column":33},"end":{"line":85,"column":60}},"6":{"start":{"line":91,"column":39},"end":{"line":107,"column":2}},"7":{"start":{"line":111,"column":45},"end":{"line":114,"column":2}},"8":{"start":{"line":119,"column":45},"end":{"line":119,"column":84}},"9":{"start":{"line":125,"column":35},"end":{"line":128,"column":2}},"10":{"start":{"line":135,"column":35},"end":{"line":142,"column":2}},"11":{"start":{"line":150,"column":2},"end":{"line":150,"column":null}},"12":{"start":{"line":154,"column":2},"end":{"line":154,"column":null}},"13":{"start":{"line":158,"column":2},"end":{"line":158,"column":null}},"14":{"start":{"line":165,"column":2},"end":{"line":165,"column":null}},"15":{"start":{"line":169,"column":2},"end":{"line":169,"column":null}},"16":{"start":{"line":173,"column":2},"end":{"line":173,"column":null}},"17":{"start":{"line":180,"column":43},"end":{"line":180,"column":45}},"18":{"start":{"line":182,"column":2},"end":{"line":185,"column":null}},"19":{"start":{"line":183,"column":17},"end":{"line":183,"column":35}},"20":{"start":{"line":184,"column":4},"end":{"line":184,"column":null}},"21":{"start":{"line":187,"column":2},"end":{"line":187,"column":null}}},"fnMap":{"0":{"name":"validatePaciente","decl":{"start":{"line":149,"column":16},"end":{"line":149,"column":33}},"loc":{"start":{"line":149,"column":48},"end":{"line":150,"column":null}},"line":149},"1":{"name":"validateExame","decl":{"start":{"line":153,"column":16},"end":{"line":153,"column":30}},"loc":{"start":{"line":153,"column":45},"end":{"line":154,"column":null}},"line":153},"2":{"name":"validateRequisicao","decl":{"start":{"line":157,"column":16},"end":{"line":157,"column":35}},"loc":{"start":{"line":157,"column":50},"end":{"line":158,"column":null}},"line":157},"3":{"name":"validatePacienteThrow","decl":{"start":{"line":164,"column":16},"end":{"line":164,"column":38}},"loc":{"start":{"line":164,"column":53},"end":{"line":165,"column":null}},"line":164},"4":{"name":"validateExameThrow","decl":{"start":{"line":168,"column":16},"end":{"line":168,"column":35}},"loc":{"start":{"line":168,"column":50},"end":{"line":169,"column":null}},"line":168},"5":{"name":"validateRequisicaoThrow","decl":{"start":{"line":172,"column":16},"end":{"line":172,"column":40}},"loc":{"start":{"line":172,"column":55},"end":{"line":173,"column":null}},"line":172},"6":{"name":"getValidationErrors","decl":{"start":{"line":179,"column":16},"end":{"line":179,"column":36}},"loc":{"start":{"line":179,"column":79},"end":{"line":187,"column":null}},"line":179},"7":{"name":"(anonymous_7)","decl":{"start":{"line":182,"column":15},"end":{"line":182,"column":23}},"loc":{"start":{"line":182,"column":30},"end":{"line":185,"column":null}},"line":182}},"branchMap":{},"s":{"0":1,"1":1,"2":1,"3":1,"4":1,"5":1,"6":1,"7":1,"8":1,"9":1,"10":1,"11":3,"12":0,"13":0,"14":0,"15":0,"16":0,"17":1,"18":1,"19":2,"20":2,"21":1},"f":{"0":3,"1":0,"2":0,"3":0,"4":0,"5":0,"6":1,"7":2},"b":{},"meta":{"lastBranch":0,"lastFunction":8,"lastStatement":22,"seen":{"s:12:30:43:2":0,"s:53:36:56:11":1,"s:63:36:63:66":2,"s:70:27:78:2":3,"s:82:33:82:63":4,"s:85:33:85:60":5,"s:91:39:107:2":6,"s:111:45:114:2":7,"s:119:45:119:84":8,"s:125:35:128:2":9,"s:135:35:142:2":10,"f:149:16:149:33":0,"s:150:2:150:Infinity":11,"f:153:16:153:30":1,"s:154:2:154:Infinity":12,"f:157:16:157:35":2,"s:158:2:158:Infinity":13,"f:164:16:164:38":3,"s:165:2:165:Infinity":14,"f:168:16:168:35":4,"s:169:2:169:Infinity":15,"f:172:16:172:40":5,"s:173:2:173:Infinity":16,"f:179:16:179:36":6,"s:180:43:180:45":17,"s:182:2:185:Infinity":18,"f:182:15:182:23":7,"s:183:17:183:35":19,"s:184:4:184:Infinity":20,"s:187:2:187:Infinity":21}}}
}
